2022-12-11 18:46:53,333 - kedro.framework.session.session - INFO - Kedro project acq
2022-12-11 18:46:55,963 - kedro.io.data_catalog - INFO - Loading data from 'dataset' (CSVDataSet)...
2022-12-11 18:46:55,970 - kedro.runner.sequential_runner - WARNING - No nodes ran. Repeat the previous command to attempt a new run.
2022-12-11 18:49:10,234 - kedro.framework.session.session - INFO - Kedro project acq
2022-12-11 18:49:11,225 - kedro.io.data_catalog - INFO - Loading data from 'dataset' (CSVDataSet)...
2022-12-11 18:49:37,528 - kedro.pipeline.node - INFO - Running node: drop_dataset_node: drop_column([dataset]) -> [dropped_dataset]
2022-12-11 18:49:49,414 - kedro.io.data_catalog - INFO - Saving data to 'dropped_dataset' (CSVDataSet)...
2022-12-11 18:51:42,392 - kedro.runner.sequential_runner - INFO - Completed 1 out of 6 tasks
2022-12-11 18:51:42,415 - kedro.io.data_catalog - INFO - Loading data from 'dropped_dataset' (CSVDataSet)...
2022-12-11 18:52:04,605 - kedro.pipeline.node - INFO - Running node: mrmr_selection_node: mrmr_selection([dropped_dataset]) -> [preprocessed_dataset]
2022-12-11 18:54:37,148 - kedro.io.data_catalog - INFO - Saving data to 'preprocessed_dataset' (CSVDataSet)...
2022-12-11 18:54:42,072 - kedro.runner.sequential_runner - INFO - Completed 2 out of 6 tasks
2022-12-11 18:54:42,078 - kedro.io.data_catalog - INFO - Loading data from 'preprocessed_dataset' (CSVDataSet)...
2022-12-11 18:54:42,953 - kedro.pipeline.node - INFO - Running node: split_dataset_node: split_data([preprocessed_dataset]) -> [data_train,data_test,label_train,label_test]
2022-12-11 18:54:43,318 - kedro.io.data_catalog - INFO - Saving data to 'data_train' (CSVDataSet)...
2022-12-11 18:54:47,878 - kedro.io.data_catalog - INFO - Saving data to 'data_test' (CSVDataSet)...
2022-12-11 18:54:49,024 - kedro.io.data_catalog - INFO - Saving data to 'label_train' (CSVDataSet)...
2022-12-11 18:54:50,448 - kedro.io.data_catalog - INFO - Saving data to 'label_test' (CSVDataSet)...
2022-12-11 18:54:50,788 - kedro.runner.sequential_runner - INFO - Completed 3 out of 6 tasks
2022-12-11 18:54:50,791 - kedro.io.data_catalog - INFO - Loading data from 'data_train' (CSVDataSet)...
2022-12-11 18:54:51,591 - kedro.io.data_catalog - INFO - Loading data from 'data_test' (CSVDataSet)...
2022-12-11 18:54:51,818 - kedro.io.data_catalog - INFO - Loading data from 'label_train' (CSVDataSet)...
2022-12-11 18:54:51,928 - kedro.io.data_catalog - INFO - Loading data from 'label_test' (CSVDataSet)...
2022-12-11 18:54:51,979 - kedro.pipeline.node - INFO - Running node: model_acq_node: model_acq([data_train,data_test,label_train,label_test]) -> [training_results_acq,testing_results_acq]
2022-12-11 18:54:52,215 - kedro.pipeline.node - ERROR - Node 'model_acq_node: model_acq([data_train,data_test,label_train,label_test]) -> [training_results_acq,testing_results_acq]' failed with error: 
Invalid classes inferred from unique values of `y`.  Expected: [    0     1     2 ... 71889 71890 71891], got [-1.00000000e+00  0.00000000e+00  1.00000000e+00 ...  2.82609390e+09
  5.54652859e+09             nan]
2022-12-11 18:54:52,253 - kedro.runner.sequential_runner - WARNING - There are 3 nodes that have not run.
You can resume the pipeline run from the nearest nodes with persisted inputs by adding the following argument to your previous command:
  --from-nodes "model_acq_node"
2022-12-11 19:02:59,527 - kedro.framework.session.session - INFO - Kedro project acq
2022-12-11 19:03:01,188 - kedro.io.data_catalog - INFO - Loading data from 'dataset' (CSVDataSet)...
2022-12-11 19:03:18,372 - kedro.pipeline.node - INFO - Running node: drop_dataset_node: drop_column([dataset]) -> [dropped_dataset]
2022-12-11 19:03:21,430 - kedro.io.data_catalog - INFO - Saving data to 'dropped_dataset' (CSVDataSet)...
2022-12-11 19:04:38,395 - kedro.runner.sequential_runner - INFO - Completed 1 out of 6 tasks
2022-12-11 19:04:38,403 - kedro.io.data_catalog - INFO - Loading data from 'dropped_dataset' (CSVDataSet)...
2022-12-11 19:04:53,840 - kedro.pipeline.node - INFO - Running node: mrmr_selection_node: mrmr_selection([dropped_dataset]) -> [preprocessed_dataset]
2022-12-11 19:06:29,207 - kedro.io.data_catalog - INFO - Saving data to 'preprocessed_dataset' (CSVDataSet)...
2022-12-11 19:06:33,442 - kedro.runner.sequential_runner - INFO - Completed 2 out of 6 tasks
2022-12-11 19:06:33,450 - kedro.io.data_catalog - INFO - Loading data from 'preprocessed_dataset' (CSVDataSet)...
2022-12-11 19:06:34,611 - kedro.pipeline.node - INFO - Running node: split_dataset_node: split_data([preprocessed_dataset]) -> [data_train,data_test,label_train,label_test]
2022-12-11 19:06:35,383 - kedro.io.data_catalog - INFO - Saving data to 'data_train' (CSVDataSet)...
2022-12-11 19:06:38,746 - kedro.io.data_catalog - INFO - Saving data to 'data_test' (CSVDataSet)...
2022-12-11 19:06:39,607 - kedro.io.data_catalog - INFO - Saving data to 'label_train' (CSVDataSet)...
2022-12-11 19:06:40,639 - kedro.io.data_catalog - INFO - Saving data to 'label_test' (CSVDataSet)...
2022-12-11 19:06:40,934 - kedro.runner.sequential_runner - INFO - Completed 3 out of 6 tasks
2022-12-11 19:06:40,941 - kedro.io.data_catalog - INFO - Loading data from 'data_train' (CSVDataSet)...
2022-12-11 19:06:41,639 - kedro.io.data_catalog - INFO - Loading data from 'data_test' (CSVDataSet)...
2022-12-11 19:06:41,887 - kedro.io.data_catalog - INFO - Loading data from 'label_train' (CSVDataSet)...
2022-12-11 19:06:42,023 - kedro.io.data_catalog - INFO - Loading data from 'label_test' (CSVDataSet)...
2022-12-11 19:06:42,101 - kedro.pipeline.node - INFO - Running node: model_acq_node: model_acq([data_train,data_test,label_train,label_test]) -> [training_results_acq,testing_results_acq]
2022-12-11 19:06:42,371 - kedro.pipeline.node - ERROR - Node 'model_acq_node: model_acq([data_train,data_test,label_train,label_test]) -> [training_results_acq,testing_results_acq]' failed with error: 
Invalid classes inferred from unique values of `y`.  Expected: [    0     1     2 ... 71782 71783 71784], got [-1.00000000e+00  0.00000000e+00  1.00000000e+00 ...  2.86854800e+09
  3.43558898e+09             nan]
2022-12-11 19:06:42,435 - kedro.runner.sequential_runner - WARNING - There are 3 nodes that have not run.
You can resume the pipeline run from the nearest nodes with persisted inputs by adding the following argument to your previous command:
  --from-nodes "model_acq_node"
2022-12-11 19:10:05,163 - kedro.framework.session.session - INFO - Kedro project acq
2022-12-11 19:16:05,623 - kedro.framework.session.session - INFO - Kedro project acq
2022-12-11 19:16:06,745 - kedro.io.data_catalog - INFO - Loading data from 'testing_results_acq' (CSVDataSet)...
2022-12-11 19:16:06,753 - kedro.runner.sequential_runner - WARNING - No nodes ran. Repeat the previous command to attempt a new run.
2022-12-11 19:16:42,031 - kedro.framework.session.session - INFO - Kedro project acq
2022-12-11 19:16:43,113 - kedro.io.data_catalog - INFO - Loading data from 'testing_results_acq' (CSVDataSet)...
2022-12-11 19:16:43,117 - kedro.runner.sequential_runner - WARNING - No nodes ran. Repeat the previous command to attempt a new run.
2022-12-11 19:18:59,416 - kedro.framework.session.session - INFO - Kedro project acq
2022-12-11 19:19:00,620 - kedro.io.data_catalog - INFO - Loading data from 'testing_results_acq' (CSVDataSet)...
2022-12-11 19:19:00,628 - kedro.runner.sequential_runner - WARNING - No nodes ran. Repeat the previous command to attempt a new run.
2022-12-11 19:19:43,856 - kedro.framework.session.session - INFO - Kedro project acq
2022-12-11 19:19:45,282 - kedro.io.data_catalog - INFO - Loading data from 'testing_results_acq' (CSVDataSet)...
2022-12-11 19:19:45,289 - kedro.runner.sequential_runner - WARNING - No nodes ran. Repeat the previous command to attempt a new run.
2022-12-11 19:26:16,935 - kedro.framework.session.session - INFO - Kedro project acq
2022-12-11 19:26:18,180 - kedro.io.data_catalog - INFO - Loading data from 'testing_results_acq' (CSVDataSet)...
2022-12-11 19:26:18,187 - kedro.runner.sequential_runner - WARNING - No nodes ran. Repeat the previous command to attempt a new run.
2022-12-11 19:33:21,159 - kedro.framework.session.session - INFO - Kedro project acq
2022-12-11 19:33:22,179 - kedro.io.data_catalog - INFO - Loading data from 'testing_results_acq' (CSVDataSet)...
2022-12-11 19:33:22,190 - kedro.runner.sequential_runner - WARNING - No nodes ran. Repeat the previous command to attempt a new run.
2022-12-11 19:34:52,270 - kedro.framework.session.session - INFO - Kedro project acq
2022-12-11 19:34:53,503 - kedro.io.data_catalog - INFO - Loading data from 'testing_results_acq' (CSVDataSet)...
2022-12-11 19:34:53,511 - kedro.runner.sequential_runner - WARNING - No nodes ran. Repeat the previous command to attempt a new run.
2022-12-11 19:37:50,647 - kedro.framework.session.session - INFO - Kedro project acq
2022-12-11 19:37:51,790 - kedro.io.data_catalog - INFO - Loading data from 'testing_results_acq' (CSVDataSet)...
2022-12-11 19:37:51,796 - kedro.runner.sequential_runner - WARNING - No nodes ran. Repeat the previous command to attempt a new run.
2022-12-11 19:42:44,156 - kedro.framework.session.session - INFO - Kedro project acq
2022-12-11 19:43:38,296 - kedro.framework.session.session - INFO - Kedro project acq
2022-12-11 19:43:55,491 - kedro.framework.session.session - INFO - Kedro project acq
2022-12-11 19:43:56,670 - kedro.io.data_catalog - INFO - Loading data from 'testing_results_acq' (CSVDataSet)...
2022-12-11 19:43:56,678 - kedro.runner.sequential_runner - WARNING - No nodes ran. Repeat the previous command to attempt a new run.
2022-12-11 20:14:53,185 - kedro.framework.session.session - INFO - Kedro project acq
2022-12-11 20:14:54,488 - kedro.io.data_catalog - INFO - Loading data from 'testing_results_acq' (CSVDataSet)...
2022-12-11 20:14:54,499 - kedro.runner.sequential_runner - WARNING - No nodes ran. Repeat the previous command to attempt a new run.
2022-12-11 20:18:18,941 - kedro.framework.session.session - INFO - Kedro project acq
2022-12-11 20:18:20,181 - kedro.io.data_catalog - INFO - Loading data from 'testing_results_acq' (CSVDataSet)...
2022-12-11 20:18:20,537 - kedro.pipeline.node - INFO - Running node: distribution_testing_node: distribution([testing_results_acq]) -> [testing_results_acq_final,distribution_testing]
2022-12-11 20:18:20,698 - kedro.io.data_catalog - INFO - Saving data to 'testing_results_acq_final' (CSVDataSet)...
2022-12-11 20:18:21,770 - kedro.io.data_catalog - INFO - Saving data to 'distribution_testing' (CSVDataSet)...
2022-12-11 20:18:21,786 - kedro.runner.sequential_runner - INFO - Completed 1 out of 4 tasks
2022-12-11 20:18:21,794 - kedro.io.data_catalog - INFO - Loading data from 'training_results_acq' (CSVDataSet)...
2022-12-11 20:18:22,695 - kedro.pipeline.node - INFO - Running node: distribution_training_node: distribution([training_results_acq]) -> [training_results_acq_final,distribution_training]
2022-12-11 20:18:22,914 - kedro.io.data_catalog - INFO - Saving data to 'training_results_acq_final' (CSVDataSet)...
2022-12-11 20:18:26,983 - kedro.io.data_catalog - INFO - Saving data to 'distribution_training' (CSVDataSet)...
2022-12-11 20:18:27,014 - kedro.runner.sequential_runner - INFO - Completed 2 out of 4 tasks
2022-12-11 20:18:27,023 - kedro.io.data_catalog - INFO - Loading data from 'dataset' (CSVDataSet)...
2022-12-11 20:18:47,903 - kedro.pipeline.node - INFO - Running node: drop_dataset_node: drop_column([dataset]) -> [dropped_dataset]
2022-12-11 20:18:49,657 - kedro.io.data_catalog - INFO - Saving data to 'dropped_dataset' (CSVDataSet)...
2022-12-11 20:20:04,817 - kedro.runner.sequential_runner - INFO - Completed 3 out of 4 tasks
2022-12-11 20:20:04,830 - kedro.io.data_catalog - INFO - Loading data from 'dropped_dataset' (CSVDataSet)...
2022-12-11 20:20:21,877 - kedro.pipeline.node - INFO - Running node: mrmr_selection_node: mrmr_selection([dropped_dataset]) -> [preprocessed_dataset]
2022-12-11 20:22:13,633 - kedro.io.data_catalog - INFO - Saving data to 'preprocessed_dataset' (CSVDataSet)...
2022-12-11 20:22:17,895 - kedro.runner.sequential_runner - INFO - Completed 4 out of 4 tasks
2022-12-11 20:22:17,902 - kedro.runner.sequential_runner - INFO - Pipeline execution completed successfully.
2022-12-11 20:25:26,008 - kedro.framework.session.session - INFO - Kedro project acq
2022-12-11 20:25:27,090 - kedro.io.data_catalog - INFO - Loading data from 'testing_results_acq' (CSVDataSet)...
2022-12-11 20:25:27,378 - kedro.pipeline.node - INFO - Running node: distribution_testing_node: distribution([testing_results_acq]) -> [testing_results_acq_final,distribution_testing]
2022-12-11 20:25:27,474 - kedro.io.data_catalog - INFO - Saving data to 'testing_results_acq_final' (CSVDataSet)...
2022-12-11 20:25:28,473 - kedro.io.data_catalog - INFO - Saving data to 'distribution_testing' (CSVDataSet)...
2022-12-11 20:25:28,485 - kedro.runner.sequential_runner - INFO - Completed 1 out of 4 tasks
2022-12-11 20:25:28,490 - kedro.io.data_catalog - INFO - Loading data from 'training_results_acq' (CSVDataSet)...
2022-12-11 20:25:29,352 - kedro.pipeline.node - INFO - Running node: distribution_training_node: distribution([training_results_acq]) -> [training_results_acq_final,distribution_training]
2022-12-11 20:25:29,563 - kedro.io.data_catalog - INFO - Saving data to 'training_results_acq_final' (CSVDataSet)...
2022-12-11 20:25:33,543 - kedro.io.data_catalog - INFO - Saving data to 'distribution_training' (CSVDataSet)...
2022-12-11 20:25:33,565 - kedro.runner.sequential_runner - INFO - Completed 2 out of 4 tasks
2022-12-11 20:25:33,575 - kedro.io.data_catalog - INFO - Loading data from 'dataset' (CSVDataSet)...
2022-12-11 20:25:50,168 - kedro.pipeline.node - INFO - Running node: drop_dataset_node: drop_column([dataset]) -> [dropped_dataset]
2022-12-11 20:25:52,454 - kedro.io.data_catalog - INFO - Saving data to 'dropped_dataset' (CSVDataSet)...
2022-12-11 20:27:57,829 - kedro.runner.sequential_runner - INFO - Completed 3 out of 4 tasks
2022-12-11 20:27:57,874 - kedro.io.data_catalog - INFO - Loading data from 'dropped_dataset' (CSVDataSet)...
2022-12-11 20:28:22,583 - kedro.pipeline.node - INFO - Running node: mrmr_selection_node: mrmr_selection([dropped_dataset]) -> [preprocessed_dataset]
2022-12-11 20:30:28,718 - kedro.io.data_catalog - INFO - Saving data to 'preprocessed_dataset' (CSVDataSet)...
2022-12-11 20:30:38,240 - kedro.runner.sequential_runner - INFO - Completed 4 out of 4 tasks
2022-12-11 20:30:38,250 - kedro.runner.sequential_runner - INFO - Pipeline execution completed successfully.
2022-12-11 20:33:40,221 - kedro.framework.session.session - INFO - Kedro project acq
2022-12-11 20:33:42,129 - kedro.io.data_catalog - INFO - Loading data from 'testing_results_acq' (CSVDataSet)...
2022-12-11 20:33:42,467 - kedro.pipeline.node - INFO - Running node: distribution_testing_node: distribution([testing_results_acq]) -> [testing_results_acq_final,distribution_testing]
2022-12-11 20:33:42,578 - kedro.io.data_catalog - INFO - Saving data to 'testing_results_acq_final' (CSVDataSet)...
2022-12-11 20:33:43,604 - kedro.io.data_catalog - INFO - Saving data to 'distribution_testing' (CSVDataSet)...
2022-12-11 20:33:43,618 - kedro.runner.sequential_runner - INFO - Completed 1 out of 4 tasks
2022-12-11 20:33:43,623 - kedro.io.data_catalog - INFO - Loading data from 'training_results_acq' (CSVDataSet)...
2022-12-11 20:33:44,533 - kedro.pipeline.node - INFO - Running node: distribution_training_node: distribution([training_results_acq]) -> [training_results_acq_final,distribution_training]
2022-12-11 20:33:44,740 - kedro.io.data_catalog - INFO - Saving data to 'training_results_acq_final' (CSVDataSet)...
2022-12-11 20:33:48,753 - kedro.io.data_catalog - INFO - Saving data to 'distribution_training' (CSVDataSet)...
2022-12-11 20:33:48,774 - kedro.runner.sequential_runner - INFO - Completed 2 out of 4 tasks
2022-12-11 20:33:48,781 - kedro.io.data_catalog - INFO - Loading data from 'dataset' (CSVDataSet)...
2022-12-11 20:34:05,175 - kedro.pipeline.node - INFO - Running node: drop_dataset_node: drop_column([dataset]) -> [dropped_dataset]
2022-12-11 20:34:06,665 - kedro.io.data_catalog - INFO - Saving data to 'dropped_dataset' (CSVDataSet)...
2022-12-11 20:37:03,882 - kedro.runner.sequential_runner - INFO - Completed 3 out of 4 tasks
2022-12-11 20:37:03,963 - kedro.io.data_catalog - INFO - Loading data from 'dropped_dataset' (CSVDataSet)...
2022-12-11 20:37:38,432 - kedro.pipeline.node - INFO - Running node: mrmr_selection_node: mrmr_selection([dropped_dataset]) -> [preprocessed_dataset]
2022-12-11 20:39:46,566 - kedro.io.data_catalog - INFO - Saving data to 'preprocessed_dataset' (CSVDataSet)...
2022-12-11 20:39:54,980 - kedro.runner.sequential_runner - INFO - Completed 4 out of 4 tasks
2022-12-11 20:39:54,986 - kedro.runner.sequential_runner - INFO - Pipeline execution completed successfully.
2022-12-12 08:02:43,949 - kedro.framework.session.session - INFO - Kedro project acq
2022-12-12 08:02:45,338 - kedro.io.data_catalog - INFO - Loading data from 'testing_results_acq' (CSVDataSet)...
2022-12-12 08:02:45,588 - kedro.pipeline.node - INFO - Running node: distribution_testing_node: distribution([testing_results_acq]) -> [testing_results_acq_final,distribution_testing]
2022-12-12 08:02:45,691 - kedro.io.data_catalog - INFO - Saving data to 'testing_results_acq_final' (CSVDataSet)...
2022-12-12 08:02:46,659 - kedro.io.data_catalog - INFO - Saving data to 'distribution_testing' (CSVDataSet)...
2022-12-12 08:02:46,667 - kedro.runner.sequential_runner - INFO - Completed 1 out of 5 tasks
2022-12-12 08:02:46,671 - kedro.io.data_catalog - INFO - Loading data from 'training_results_acq' (CSVDataSet)...
2022-12-12 08:02:47,507 - kedro.pipeline.node - INFO - Running node: distribution_training_node: distribution([training_results_acq]) -> [training_results_acq_final,distribution_training]
2022-12-12 08:02:47,723 - kedro.io.data_catalog - INFO - Saving data to 'training_results_acq_final' (CSVDataSet)...
2022-12-12 08:02:51,849 - kedro.io.data_catalog - INFO - Saving data to 'distribution_training' (CSVDataSet)...
2022-12-12 08:02:51,868 - kedro.runner.sequential_runner - INFO - Completed 2 out of 5 tasks
2022-12-12 08:02:51,873 - kedro.io.data_catalog - INFO - Loading data from 'dataset' (CSVDataSet)...
2022-12-12 08:03:08,890 - kedro.pipeline.node - INFO - Running node: drop_dataset_node: drop_column([dataset]) -> [dropped_dataset]
2022-12-12 08:03:12,901 - kedro.io.data_catalog - INFO - Saving data to 'dropped_dataset' (CSVDataSet)...
2022-12-12 08:04:30,487 - kedro.runner.sequential_runner - INFO - Completed 3 out of 5 tasks
2022-12-12 08:04:30,494 - kedro.io.data_catalog - INFO - Loading data from 'training_results_acq' (CSVDataSet)...
2022-12-12 08:04:31,449 - kedro.io.data_catalog - INFO - Loading data from 'testing_results_acq' (CSVDataSet)...
2022-12-12 08:04:31,707 - kedro.pipeline.node - INFO - Running node: metrics_eval_node: score([training_results_acq,testing_results_acq]) -> [metrics_evaluation]
2022-12-12 08:13:37,798 - kedro.io.data_catalog - INFO - Saving data to 'metrics_evaluation' (ExcelDataSet)...
2022-12-12 08:13:37,810 - kedro.runner.sequential_runner - WARNING - There are 2 nodes that have not run.
You can resume the pipeline run from the nearest nodes with persisted inputs by adding the following argument to your previous command:
  --from-nodes "mrmr_selection_node,metrics_eval_node"
2022-12-12 08:15:52,386 - kedro.framework.session.session - INFO - Kedro project acq
2022-12-12 08:15:53,649 - kedro.io.data_catalog - INFO - Loading data from 'training_results_acq' (CSVDataSet)...
2022-12-12 08:15:54,451 - kedro.io.data_catalog - INFO - Loading data from 'testing_results_acq' (CSVDataSet)...
2022-12-12 08:15:54,697 - kedro.pipeline.node - INFO - Running node: metrics_eval_node: score([training_results_acq,testing_results_acq]) -> [metrics_evaluation]
2022-12-12 08:16:04,945 - kedro.io.data_catalog - INFO - Saving data to 'metrics_evaluation' (ExcelDataSet)...
2022-12-12 08:16:05,252 - kedro.runner.sequential_runner - WARNING - No nodes ran. Repeat the previous command to attempt a new run.
2022-12-12 08:17:42,242 - kedro.framework.session.session - INFO - Kedro project acq
2022-12-12 08:17:43,179 - kedro.io.data_catalog - INFO - Loading data from 'testing_results_acq' (CSVDataSet)...
2022-12-12 08:17:43,415 - kedro.pipeline.node - INFO - Running node: distribution_testing_node: distribution([testing_results_acq]) -> [testing_results_acq_final,distribution_testing]
2022-12-12 08:17:43,499 - kedro.io.data_catalog - INFO - Saving data to 'testing_results_acq_final' (CSVDataSet)...
2022-12-12 08:17:44,421 - kedro.io.data_catalog - INFO - Saving data to 'distribution_testing' (CSVDataSet)...
2022-12-12 08:17:44,432 - kedro.runner.sequential_runner - INFO - Completed 1 out of 5 tasks
2022-12-12 08:17:44,436 - kedro.io.data_catalog - INFO - Loading data from 'training_results_acq' (CSVDataSet)...
2022-12-12 08:17:45,206 - kedro.pipeline.node - INFO - Running node: distribution_training_node: distribution([training_results_acq]) -> [training_results_acq_final,distribution_training]
2022-12-12 08:17:45,404 - kedro.io.data_catalog - INFO - Saving data to 'training_results_acq_final' (CSVDataSet)...
2022-12-12 08:17:49,362 - kedro.io.data_catalog - INFO - Saving data to 'distribution_training' (CSVDataSet)...
2022-12-12 08:17:49,379 - kedro.runner.sequential_runner - INFO - Completed 2 out of 5 tasks
2022-12-12 08:17:49,384 - kedro.io.data_catalog - INFO - Loading data from 'dataset' (CSVDataSet)...
2022-12-12 08:18:05,688 - kedro.pipeline.node - INFO - Running node: drop_dataset_node: drop_column([dataset]) -> [dropped_dataset]
2022-12-12 08:18:07,970 - kedro.io.data_catalog - INFO - Saving data to 'dropped_dataset' (CSVDataSet)...
2022-12-12 08:19:25,058 - kedro.runner.sequential_runner - INFO - Completed 3 out of 5 tasks
2022-12-12 08:19:25,067 - kedro.io.data_catalog - INFO - Loading data from 'training_results_acq' (CSVDataSet)...
2022-12-12 08:19:26,148 - kedro.io.data_catalog - INFO - Loading data from 'testing_results_acq' (CSVDataSet)...
2022-12-12 08:19:26,398 - kedro.pipeline.node - INFO - Running node: metrics_eval_node: score([training_results_acq,testing_results_acq]) -> [metrics_evaluation]
2022-12-12 08:19:37,495 - kedro.io.data_catalog - INFO - Saving data to 'metrics_evaluation' (CSVDataSet)...
2022-12-12 08:19:37,500 - kedro.runner.sequential_runner - WARNING - There are 2 nodes that have not run.
You can resume the pipeline run from the nearest nodes with persisted inputs by adding the following argument to your previous command:
  --from-nodes "mrmr_selection_node,metrics_eval_node"
2022-12-12 08:22:10,385 - kedro.framework.session.session - INFO - Kedro project acq
2022-12-12 08:22:11,793 - kedro.io.data_catalog - INFO - Loading data from 'testing_results_acq' (CSVDataSet)...
2022-12-12 08:22:12,041 - kedro.pipeline.node - INFO - Running node: distribution_testing_node: distribution([testing_results_acq]) -> [testing_results_acq_final,distribution_testing]
2022-12-12 08:22:12,126 - kedro.io.data_catalog - INFO - Saving data to 'testing_results_acq_final' (CSVDataSet)...
2022-12-12 08:22:13,221 - kedro.io.data_catalog - INFO - Saving data to 'distribution_testing' (CSVDataSet)...
2022-12-12 08:22:13,230 - kedro.runner.sequential_runner - INFO - Completed 1 out of 5 tasks
2022-12-12 08:22:13,234 - kedro.io.data_catalog - INFO - Loading data from 'training_results_acq' (CSVDataSet)...
2022-12-12 08:22:14,129 - kedro.pipeline.node - INFO - Running node: distribution_training_node: distribution([training_results_acq]) -> [training_results_acq_final,distribution_training]
2022-12-12 08:22:14,356 - kedro.io.data_catalog - INFO - Saving data to 'training_results_acq_final' (CSVDataSet)...
2022-12-12 08:22:19,115 - kedro.io.data_catalog - INFO - Saving data to 'distribution_training' (CSVDataSet)...
2022-12-12 08:22:19,134 - kedro.runner.sequential_runner - INFO - Completed 2 out of 5 tasks
2022-12-12 08:22:19,139 - kedro.io.data_catalog - INFO - Loading data from 'dataset' (CSVDataSet)...
2022-12-12 08:22:35,168 - kedro.pipeline.node - INFO - Running node: drop_dataset_node: drop_column([dataset]) -> [dropped_dataset]
2022-12-12 08:22:36,319 - kedro.io.data_catalog - INFO - Saving data to 'dropped_dataset' (CSVDataSet)...
2022-12-12 08:24:03,946 - kedro.runner.sequential_runner - INFO - Completed 3 out of 5 tasks
2022-12-12 08:24:03,961 - kedro.io.data_catalog - INFO - Loading data from 'training_results_acq' (CSVDataSet)...
2022-12-12 08:24:05,065 - kedro.io.data_catalog - INFO - Loading data from 'testing_results_acq' (CSVDataSet)...
2022-12-12 08:24:05,342 - kedro.pipeline.node - INFO - Running node: metrics_eval_node: score([training_results_acq,testing_results_acq]) -> [metrics_evaluation]
2022-12-12 08:24:19,080 - kedro.io.data_catalog - INFO - Saving data to 'metrics_evaluation' (TextDataSet)...
2022-12-12 08:24:19,102 - kedro.runner.sequential_runner - INFO - Completed 4 out of 5 tasks
2022-12-12 08:24:19,106 - kedro.io.data_catalog - INFO - Loading data from 'dropped_dataset' (CSVDataSet)...
2022-12-12 08:24:36,523 - kedro.pipeline.node - INFO - Running node: mrmr_selection_node: mrmr_selection([dropped_dataset]) -> [preprocessed_dataset]
2022-12-12 08:26:24,398 - kedro.io.data_catalog - INFO - Saving data to 'preprocessed_dataset' (CSVDataSet)...
2022-12-12 08:26:29,750 - kedro.runner.sequential_runner - INFO - Completed 5 out of 5 tasks
2022-12-12 08:26:29,755 - kedro.runner.sequential_runner - INFO - Pipeline execution completed successfully.
2022-12-12 08:30:04,647 - kedro.framework.session.session - INFO - Kedro project acq
2022-12-12 08:30:06,008 - kedro.io.data_catalog - INFO - Loading data from 'testing_results_acq' (CSVDataSet)...
2022-12-12 08:30:06,287 - kedro.pipeline.node - INFO - Running node: distribution_testing_node: distribution([testing_results_acq]) -> [testing_results_acq_final,distribution_testing]
2022-12-12 08:30:06,383 - kedro.io.data_catalog - INFO - Saving data to 'testing_results_acq_final' (CSVDataSet)...
2022-12-12 08:30:07,714 - kedro.io.data_catalog - INFO - Saving data to 'distribution_testing' (CSVDataSet)...
2022-12-12 08:30:07,724 - kedro.runner.sequential_runner - INFO - Completed 1 out of 5 tasks
2022-12-12 08:30:07,729 - kedro.io.data_catalog - INFO - Loading data from 'training_results_acq' (CSVDataSet)...
2022-12-12 08:30:08,751 - kedro.pipeline.node - INFO - Running node: distribution_training_node: distribution([training_results_acq]) -> [training_results_acq_final,distribution_training]
2022-12-12 08:30:09,047 - kedro.io.data_catalog - INFO - Saving data to 'training_results_acq_final' (CSVDataSet)...
2022-12-12 08:30:15,121 - kedro.io.data_catalog - INFO - Saving data to 'distribution_training' (CSVDataSet)...
2022-12-12 08:30:15,148 - kedro.runner.sequential_runner - INFO - Completed 2 out of 5 tasks
2022-12-12 08:30:15,154 - kedro.io.data_catalog - INFO - Loading data from 'dataset' (CSVDataSet)...
2022-12-12 08:30:45,904 - kedro.pipeline.node - INFO - Running node: drop_dataset_node: drop_column([dataset]) -> [dropped_dataset]
2022-12-12 08:30:47,832 - kedro.io.data_catalog - INFO - Saving data to 'dropped_dataset' (CSVDataSet)...
2022-12-12 08:32:35,639 - kedro.runner.sequential_runner - INFO - Completed 3 out of 5 tasks
2022-12-12 08:32:35,658 - kedro.io.data_catalog - INFO - Loading data from 'training_results_acq' (CSVDataSet)...
2022-12-12 08:32:36,829 - kedro.io.data_catalog - INFO - Loading data from 'testing_results_acq' (CSVDataSet)...
2022-12-12 08:32:37,135 - kedro.pipeline.node - INFO - Running node: metrics_eval_node: score([training_results_acq,testing_results_acq]) -> [metrics_evaluation]
2022-12-12 08:32:50,886 - kedro.io.data_catalog - INFO - Saving data to 'metrics_evaluation' (TextDataSet)...
2022-12-12 08:32:50,912 - kedro.runner.sequential_runner - INFO - Completed 4 out of 5 tasks
2022-12-12 08:32:50,917 - kedro.io.data_catalog - INFO - Loading data from 'dropped_dataset' (CSVDataSet)...
2022-12-12 08:33:09,200 - kedro.pipeline.node - INFO - Running node: mrmr_selection_node: mrmr_selection([dropped_dataset]) -> [preprocessed_dataset]
2022-12-12 08:34:51,230 - kedro.io.data_catalog - INFO - Saving data to 'preprocessed_dataset' (CSVDataSet)...
2022-12-12 08:34:56,089 - kedro.runner.sequential_runner - INFO - Completed 5 out of 5 tasks
2022-12-12 08:34:56,094 - kedro.runner.sequential_runner - INFO - Pipeline execution completed successfully.
2022-12-12 08:36:25,925 - kedro.framework.session.session - INFO - Kedro project acq
2022-12-12 08:36:27,813 - kedro.io.data_catalog - INFO - Loading data from 'dataset' (CSVDataSet)...
2022-12-12 08:36:44,035 - kedro.pipeline.node - INFO - Running node: drop_dataset_node: drop_column([dataset]) -> [dropped_dataset]
2022-12-12 08:36:45,323 - kedro.io.data_catalog - INFO - Saving data to 'dropped_dataset' (CSVDataSet)...
2022-12-12 08:38:21,259 - kedro.runner.sequential_runner - INFO - Completed 1 out of 2 tasks
2022-12-12 08:38:21,265 - kedro.io.data_catalog - INFO - Loading data from 'dropped_dataset' (CSVDataSet)...
2022-12-12 08:38:37,201 - kedro.pipeline.node - INFO - Running node: mrmr_selection_node: mrmr_selection([dropped_dataset]) -> [preprocessed_dataset]
2022-12-12 08:40:05,512 - kedro.io.data_catalog - INFO - Saving data to 'preprocessed_dataset' (CSVDataSet)...
2022-12-12 08:40:11,296 - kedro.runner.sequential_runner - INFO - Completed 2 out of 2 tasks
2022-12-12 08:40:11,304 - kedro.runner.sequential_runner - INFO - Pipeline execution completed successfully.
2022-12-12 08:43:26,111 - kedro.framework.session.session - INFO - Kedro project acq
2022-12-12 08:43:27,268 - kedro.io.data_catalog - INFO - Loading data from 'dataset' (CSVDataSet)...
2022-12-12 08:43:43,108 - kedro.pipeline.node - INFO - Running node: drop_dataset_node: drop_column([dataset]) -> [dropped_dataset]
2022-12-12 08:43:44,305 - kedro.io.data_catalog - INFO - Saving data to 'dropped_dataset' (CSVDataSet)...
2022-12-12 08:45:03,163 - kedro.runner.sequential_runner - INFO - Completed 1 out of 2 tasks
2022-12-12 08:45:03,172 - kedro.io.data_catalog - INFO - Loading data from 'dropped_dataset' (CSVDataSet)...
2022-12-12 08:45:18,802 - kedro.pipeline.node - INFO - Running node: mrmr_selection_node: mrmr_selection([dropped_dataset]) -> [preprocessed_dataset]
2022-12-12 08:47:11,887 - kedro.io.data_catalog - INFO - Saving data to 'preprocessed_dataset' (CSVDataSet)...
2022-12-12 08:47:16,121 - kedro.runner.sequential_runner - INFO - Completed 2 out of 2 tasks
2022-12-12 08:47:16,127 - kedro.runner.sequential_runner - INFO - Pipeline execution completed successfully.
2022-12-12 09:30:40,825 - kedro.framework.session.session - INFO - Kedro project acq
2022-12-12 09:31:04,297 - kedro.framework.session.session - INFO - Kedro project acq
2022-12-12 09:31:05,381 - kedro.io.data_catalog - INFO - Loading data from 'testing_results_acq' (CSVDataSet)...
2022-12-12 09:31:05,602 - kedro.pipeline.node - INFO - Running node: distribution_testing_node: distribution([testing_results_acq]) -> [testing_results_acq_final,distribution_testing]
2022-12-12 09:31:05,690 - kedro.io.data_catalog - INFO - Saving data to 'testing_results_acq_final' (CSVDataSet)...
2022-12-12 09:31:06,616 - kedro.io.data_catalog - INFO - Saving data to 'distribution_testing' (CSVDataSet)...
2022-12-12 09:31:06,627 - kedro.runner.sequential_runner - INFO - Completed 1 out of 5 tasks
2022-12-12 09:31:06,631 - kedro.io.data_catalog - INFO - Loading data from 'training_results_acq' (CSVDataSet)...
2022-12-12 09:31:07,451 - kedro.pipeline.node - INFO - Running node: distribution_training_node: distribution([training_results_acq]) -> [training_results_acq_final,distribution_training]
2022-12-12 09:31:07,664 - kedro.io.data_catalog - INFO - Saving data to 'training_results_acq_final' (CSVDataSet)...
2022-12-12 09:31:11,465 - kedro.io.data_catalog - INFO - Saving data to 'distribution_training' (CSVDataSet)...
2022-12-12 09:31:11,482 - kedro.runner.sequential_runner - INFO - Completed 2 out of 5 tasks
2022-12-12 09:31:11,489 - kedro.io.data_catalog - INFO - Loading data from 'dataset' (CSVDataSet)...
2022-12-12 09:31:26,134 - kedro.pipeline.node - INFO - Running node: drop_dataset_node: drop_column([dataset]) -> [dropped_dataset]
2022-12-12 09:31:27,264 - kedro.io.data_catalog - INFO - Saving data to 'dropped_dataset' (CSVDataSet)...
2022-12-12 09:32:51,302 - kedro.runner.sequential_runner - INFO - Completed 3 out of 5 tasks
2022-12-12 09:32:51,309 - kedro.io.data_catalog - INFO - Loading data from 'training_results_acq' (CSVDataSet)...
2022-12-12 09:32:52,227 - kedro.io.data_catalog - INFO - Loading data from 'testing_results_acq' (CSVDataSet)...
2022-12-12 09:32:52,480 - kedro.pipeline.node - INFO - Running node: metrics_eval_node: score([training_results_acq,testing_results_acq]) -> [metrics_evaluation]
2022-12-12 09:33:04,112 - kedro.io.data_catalog - INFO - Saving data to 'metrics_evaluation' (TextDataSet)...
2022-12-12 09:33:04,130 - kedro.runner.sequential_runner - INFO - Completed 4 out of 5 tasks
2022-12-12 09:33:04,133 - kedro.io.data_catalog - INFO - Loading data from 'dropped_dataset' (CSVDataSet)...
2022-12-12 09:33:18,924 - kedro.pipeline.node - INFO - Running node: mrmr_selection_node: mrmr_selection([dropped_dataset]) -> [preprocessed_dataset]
2022-12-12 09:34:51,617 - kedro.io.data_catalog - INFO - Saving data to 'preprocessed_dataset' (CSVDataSet)...
2022-12-12 09:34:57,319 - kedro.runner.sequential_runner - INFO - Completed 5 out of 5 tasks
2022-12-12 09:34:57,324 - kedro.runner.sequential_runner - INFO - Pipeline execution completed successfully.
2022-12-13 13:31:29,543 - kedro.framework.session.session - INFO - Kedro project acq
2022-12-13 13:31:35,622 - kedro.io.data_catalog - INFO - Loading data from 'testing_results_acq' (CSVDataSet)...
2022-12-13 13:31:35,958 - kedro.pipeline.node - INFO - Running node: distribution_testing_node: distribution([testing_results_acq]) -> [testing_results_acq_final,distribution_testing]
2022-12-13 13:31:36,074 - kedro.io.data_catalog - INFO - Saving data to 'testing_results_acq_final' (CSVDataSet)...
2022-12-13 13:31:37,212 - kedro.io.data_catalog - INFO - Saving data to 'distribution_testing' (CSVDataSet)...
2022-12-13 13:31:37,224 - kedro.runner.sequential_runner - INFO - Completed 1 out of 5 tasks
2022-12-13 13:31:37,231 - kedro.io.data_catalog - INFO - Loading data from 'training_results_acq' (CSVDataSet)...
2022-12-13 13:31:38,170 - kedro.pipeline.node - INFO - Running node: distribution_training_node: distribution([training_results_acq]) -> [training_results_acq_final,distribution_training]
2022-12-13 13:31:38,398 - kedro.io.data_catalog - INFO - Saving data to 'training_results_acq_final' (CSVDataSet)...
2022-12-13 13:31:42,890 - kedro.io.data_catalog - INFO - Saving data to 'distribution_training' (CSVDataSet)...
2022-12-13 13:31:42,917 - kedro.runner.sequential_runner - INFO - Completed 2 out of 5 tasks
2022-12-13 13:31:42,921 - kedro.io.data_catalog - INFO - Loading data from 'dataset' (CSVDataSet)...
2022-12-13 13:31:42,930 - kedro.runner.sequential_runner - WARNING - There are 3 nodes that have not run.
You can resume the pipeline run from the nearest nodes with persisted inputs by adding the following argument to your previous command:
  --from-nodes "drop_dataset_node,metrics_eval_node"
2022-12-13 13:31:56,893 - kedro.framework.session.session - INFO - Kedro project acq
2022-12-13 13:31:58,480 - kedro.io.data_catalog - INFO - Loading data from 'testing_results_acq' (CSVDataSet)...
2022-12-13 13:31:58,741 - kedro.pipeline.node - INFO - Running node: distribution_testing_node: distribution([testing_results_acq]) -> [testing_results_acq_final,distribution_testing]
2022-12-13 13:31:58,836 - kedro.io.data_catalog - INFO - Saving data to 'testing_results_acq_final' (CSVDataSet)...
2022-12-13 13:31:59,858 - kedro.io.data_catalog - INFO - Saving data to 'distribution_testing' (CSVDataSet)...
2022-12-13 13:31:59,876 - kedro.runner.sequential_runner - INFO - Completed 1 out of 5 tasks
2022-12-13 13:31:59,882 - kedro.io.data_catalog - INFO - Loading data from 'training_results_acq' (CSVDataSet)...
2022-12-13 13:32:00,768 - kedro.pipeline.node - INFO - Running node: distribution_training_node: distribution([training_results_acq]) -> [training_results_acq_final,distribution_training]
2022-12-13 13:32:01,086 - kedro.io.data_catalog - INFO - Saving data to 'training_results_acq_final' (CSVDataSet)...
2022-12-13 13:32:05,344 - kedro.io.data_catalog - INFO - Saving data to 'distribution_training' (CSVDataSet)...
2022-12-13 13:32:05,367 - kedro.runner.sequential_runner - INFO - Completed 2 out of 5 tasks
2022-12-13 13:32:05,375 - kedro.io.data_catalog - INFO - Loading data from 'dataset' (CSVDataSet)...
2022-12-13 13:32:05,384 - kedro.runner.sequential_runner - WARNING - There are 3 nodes that have not run.
You can resume the pipeline run from the nearest nodes with persisted inputs by adding the following argument to your previous command:
  --from-nodes "drop_dataset_node,metrics_eval_node"
2022-12-13 13:32:37,461 - kedro.framework.session.session - INFO - Kedro project acq
2022-12-13 13:32:38,970 - kedro.io.data_catalog - INFO - Loading data from 'dataset' (CSVDataSet)...
2022-12-13 13:32:38,977 - kedro.runner.sequential_runner - WARNING - No nodes ran. Repeat the previous command to attempt a new run.
2022-12-13 13:32:48,865 - kedro.framework.session.session - INFO - Kedro project acq
2022-12-13 13:32:50,279 - kedro.io.data_catalog - INFO - Loading data from 'testing_results_acq' (CSVDataSet)...
2022-12-13 13:32:50,547 - kedro.pipeline.node - INFO - Running node: distribution_testing_node: distribution([testing_results_acq]) -> [testing_results_acq_final,distribution_testing]
2022-12-13 13:32:50,687 - kedro.io.data_catalog - INFO - Saving data to 'testing_results_acq_final' (CSVDataSet)...
2022-12-13 13:32:54,403 - kedro.io.data_catalog - INFO - Saving data to 'distribution_testing' (CSVDataSet)...
2022-12-13 13:32:54,414 - kedro.runner.sequential_runner - INFO - Completed 1 out of 5 tasks
2022-12-13 13:32:54,421 - kedro.io.data_catalog - INFO - Loading data from 'training_results_acq' (CSVDataSet)...
2022-12-13 13:32:55,318 - kedro.pipeline.node - INFO - Running node: distribution_training_node: distribution([training_results_acq]) -> [training_results_acq_final,distribution_training]
2022-12-13 13:32:55,529 - kedro.io.data_catalog - INFO - Saving data to 'training_results_acq_final' (CSVDataSet)...
2022-12-13 13:33:10,727 - kedro.io.data_catalog - INFO - Saving data to 'distribution_training' (CSVDataSet)...
2022-12-13 13:33:10,756 - kedro.runner.sequential_runner - INFO - Completed 2 out of 5 tasks
2022-12-13 13:33:10,764 - kedro.io.data_catalog - INFO - Loading data from 'dataset' (CSVDataSet)...
2022-12-13 13:33:10,769 - kedro.runner.sequential_runner - WARNING - There are 3 nodes that have not run.
You can resume the pipeline run from the nearest nodes with persisted inputs by adding the following argument to your previous command:
  --from-nodes "metrics_eval_node,drop_dataset_node"
2022-12-13 13:33:22,390 - kedro.framework.session.session - INFO - Kedro project acq
2022-12-13 13:33:23,973 - kedro.io.data_catalog - INFO - Loading data from 'dataset' (CSVDataSet)...
2022-12-13 13:33:23,984 - kedro.runner.sequential_runner - WARNING - No nodes ran. Repeat the previous command to attempt a new run.
2022-12-13 13:34:08,120 - kedro.framework.session.session - INFO - Kedro project acq
2022-12-13 13:34:09,615 - kedro.io.data_catalog - INFO - Loading data from 'dataset' (CSVDataSet)...
2022-12-13 13:34:31,961 - kedro.pipeline.node - INFO - Running node: drop_dataset_node: drop_column([dataset]) -> [dropped_dataset]
2022-12-13 13:34:33,914 - kedro.io.data_catalog - INFO - Saving data to 'dropped_dataset' (CSVDataSet)...
2022-12-13 13:35:52,476 - kedro.runner.sequential_runner - INFO - Completed 1 out of 3 tasks
2022-12-13 13:35:52,482 - kedro.io.data_catalog - INFO - Loading data from 'training_results_acq' (CSVDataSet)...
2022-12-13 13:35:53,936 - kedro.io.data_catalog - INFO - Loading data from 'testing_results_acq' (CSVDataSet)...
2022-12-13 13:35:54,382 - kedro.pipeline.node - INFO - Running node: metrics_eval_node: score([training_results_acq,testing_results_acq]) -> [metrics_evaluation]
2022-12-13 13:36:28,865 - kedro.io.data_catalog - INFO - Saving data to 'metrics_evaluation' (TextDataSet)...
2022-12-13 13:36:28,902 - kedro.runner.sequential_runner - INFO - Completed 2 out of 3 tasks
2022-12-13 13:36:28,913 - kedro.io.data_catalog - INFO - Loading data from 'dropped_dataset' (CSVDataSet)...
2022-12-13 13:36:44,365 - kedro.pipeline.node - INFO - Running node: mrmr_selection_node: mrmr_selection([dropped_dataset]) -> [preprocessed_dataset]
2022-12-13 13:39:05,254 - kedro.io.data_catalog - INFO - Saving data to 'preprocessed_dataset' (CSVDataSet)...
2022-12-13 13:39:09,101 - kedro.runner.sequential_runner - INFO - Completed 3 out of 3 tasks
2022-12-13 13:39:09,109 - kedro.runner.sequential_runner - INFO - Pipeline execution completed successfully.
2022-12-13 13:40:06,560 - kedro.framework.session.session - INFO - Kedro project acq
2022-12-13 13:40:08,715 - kedro.io.data_catalog - INFO - Loading data from 'testing_results_acq' (CSVDataSet)...
2022-12-13 13:40:08,989 - kedro.pipeline.node - INFO - Running node: distribution_testing_node: distribution([testing_results_acq]) -> [testing_results_acq_final,distribution_testing]
2022-12-13 13:40:09,091 - kedro.io.data_catalog - INFO - Saving data to 'testing_results_acq_final' (CSVDataSet)...
2022-12-13 13:40:12,643 - kedro.io.data_catalog - INFO - Saving data to 'distribution_testing' (CSVDataSet)...
2022-12-13 13:40:12,658 - kedro.runner.sequential_runner - INFO - Completed 1 out of 5 tasks
2022-12-13 13:40:12,665 - kedro.io.data_catalog - INFO - Loading data from 'training_results_acq' (CSVDataSet)...
2022-12-13 13:40:13,637 - kedro.pipeline.node - INFO - Running node: distribution_training_node: distribution([training_results_acq]) -> [training_results_acq_final,distribution_training]
2022-12-13 13:40:13,850 - kedro.io.data_catalog - INFO - Saving data to 'training_results_acq_final' (CSVDataSet)...
2022-12-13 13:40:28,574 - kedro.io.data_catalog - INFO - Saving data to 'distribution_training' (CSVDataSet)...
2022-12-13 13:40:28,601 - kedro.runner.sequential_runner - INFO - Completed 2 out of 5 tasks
2022-12-13 13:40:28,611 - kedro.io.data_catalog - INFO - Loading data from 'dataset' (CSVDataSet)...
2022-12-13 13:40:42,786 - kedro.pipeline.node - INFO - Running node: drop_dataset_node: drop_column([dataset]) -> [dropped_dataset]
2022-12-13 13:40:44,133 - kedro.io.data_catalog - INFO - Saving data to 'dropped_dataset' (CSVDataSet)...
2022-12-13 13:42:03,467 - kedro.runner.sequential_runner - INFO - Completed 3 out of 5 tasks
2022-12-13 13:42:03,480 - kedro.io.data_catalog - INFO - Loading data from 'training_results_acq' (CSVDataSet)...
2022-12-13 13:42:05,309 - kedro.io.data_catalog - INFO - Loading data from 'testing_results_acq' (CSVDataSet)...
2022-12-13 13:42:05,735 - kedro.pipeline.node - INFO - Running node: metrics_eval_node: score([training_results_acq,testing_results_acq]) -> [metrics_evaluation]
2022-12-13 13:42:19,797 - kedro.io.data_catalog - INFO - Saving data to 'metrics_evaluation' (TextDataSet)...
2022-12-13 13:42:19,833 - kedro.runner.sequential_runner - INFO - Completed 4 out of 5 tasks
2022-12-13 13:42:19,843 - kedro.io.data_catalog - INFO - Loading data from 'dropped_dataset' (CSVDataSet)...
2022-12-13 13:42:36,555 - kedro.pipeline.node - INFO - Running node: mrmr_selection_node: mrmr_selection([dropped_dataset]) -> [preprocessed_dataset]
2022-12-13 13:44:18,549 - kedro.io.data_catalog - INFO - Saving data to 'preprocessed_dataset' (CSVDataSet)...
2022-12-13 13:44:22,975 - kedro.runner.sequential_runner - INFO - Completed 5 out of 5 tasks
2022-12-13 13:44:22,984 - kedro.runner.sequential_runner - INFO - Pipeline execution completed successfully.
2022-12-13 13:44:57,404 - kedro.framework.session.session - INFO - Kedro project acq
2022-12-13 13:45:45,760 - kedro.framework.session.session - INFO - Kedro project acq
2022-12-13 13:45:47,168 - kedro.io.data_catalog - INFO - Loading data from 'testing_results_acqu' (CSVDataSet)...
2022-12-13 13:45:47,179 - kedro.runner.sequential_runner - WARNING - No nodes ran. Repeat the previous command to attempt a new run.
2022-12-13 13:48:34,404 - kedro.framework.session.session - INFO - Kedro project acq
2022-12-13 13:48:35,881 - kedro.io.data_catalog - INFO - Loading data from 'testing_results_acqu' (CSVDataSet)...
2022-12-13 13:48:35,887 - kedro.runner.sequential_runner - WARNING - No nodes ran. Repeat the previous command to attempt a new run.
2022-12-13 13:49:50,099 - kedro.framework.session.session - INFO - Kedro project acq
2022-12-13 13:49:51,902 - kedro.io.data_catalog - INFO - Loading data from 'testing_results_acqu' (CSVDataSet)...
2022-12-13 13:49:52,185 - kedro.pipeline.node - INFO - Running node: distribution_testing_node: distribution([testing_results_acqu]) -> [testing_results_acq_final,distribution_testing]
2022-12-13 13:49:52,278 - kedro.io.data_catalog - INFO - Saving data to 'testing_results_acq_final' (CSVDataSet)...
2022-12-13 13:49:53,318 - kedro.io.data_catalog - INFO - Saving data to 'distribution_testing' (CSVDataSet)...
2022-12-13 13:49:53,331 - kedro.runner.sequential_runner - INFO - Completed 1 out of 5 tasks
2022-12-13 13:49:53,340 - kedro.io.data_catalog - INFO - Loading data from 'training_results_acqu' (CSVDataSet)...
2022-12-13 13:49:54,192 - kedro.pipeline.node - INFO - Running node: distribution_training_node: distribution([training_results_acqu]) -> [training_results_acq_final,distribution_training]
2022-12-13 13:49:54,418 - kedro.io.data_catalog - INFO - Saving data to 'training_results_acq_final' (CSVDataSet)...
2022-12-13 13:49:58,482 - kedro.io.data_catalog - INFO - Saving data to 'distribution_training' (CSVDataSet)...
2022-12-13 13:49:58,510 - kedro.runner.sequential_runner - INFO - Completed 2 out of 5 tasks
2022-12-13 13:49:58,519 - kedro.io.data_catalog - INFO - Loading data from 'dataset' (CSVDataSet)...
2022-12-13 13:50:12,444 - kedro.pipeline.node - INFO - Running node: drop_dataset_node: drop_column([dataset]) -> [dropped_dataset]
2022-12-13 13:50:13,697 - kedro.io.data_catalog - INFO - Saving data to 'dropped_dataset' (CSVDataSet)...
2022-12-13 13:51:27,301 - kedro.runner.sequential_runner - INFO - Completed 3 out of 5 tasks
2022-12-13 13:51:27,307 - kedro.io.data_catalog - INFO - Loading data from 'training_results_acqu' (CSVDataSet)...
2022-12-13 13:51:28,213 - kedro.io.data_catalog - INFO - Loading data from 'testing_results_acqu' (CSVDataSet)...
2022-12-13 13:51:28,509 - kedro.pipeline.node - INFO - Running node: metrics_eval_node: score([training_results_acqu,testing_results_acqu]) -> [metrics_evaluation]
2022-12-13 13:52:38,643 - kedro.io.data_catalog - INFO - Saving data to 'metrics_evaluation' (TextDataSet)...
2022-12-13 13:52:38,681 - kedro.runner.sequential_runner - INFO - Completed 4 out of 5 tasks
2022-12-13 13:52:38,690 - kedro.io.data_catalog - INFO - Loading data from 'dropped_dataset' (CSVDataSet)...
2022-12-13 13:52:53,592 - kedro.pipeline.node - INFO - Running node: mrmr_selection_node: mrmr_selection([dropped_dataset]) -> [preprocessed_dataset]
2022-12-13 13:54:24,126 - kedro.io.data_catalog - INFO - Saving data to 'preprocessed_dataset' (CSVDataSet)...
2022-12-13 13:54:28,382 - kedro.runner.sequential_runner - INFO - Completed 5 out of 5 tasks
2022-12-13 13:54:28,389 - kedro.runner.sequential_runner - INFO - Pipeline execution completed successfully.
2022-12-28 10:25:35,526 - kedro.framework.session.session - INFO - Kedro project acq
2022-12-28 10:25:39,418 - kedro.io.data_catalog - INFO - Loading data from 'proba_gojek' (CSVDataSet)...
2022-12-28 10:25:39,438 - kedro.runner.sequential_runner - WARNING - No nodes ran. Repeat the previous command to attempt a new run.
2022-12-28 10:31:44,907 - kedro.framework.session.session - INFO - Kedro project acq
2022-12-28 10:45:58,361 - kedro.framework.session.session - INFO - Kedro project acq
2022-12-28 10:53:08,176 - kedro.framework.session.session - INFO - Kedro project acq
2022-12-28 10:54:45,207 - kedro.framework.session.session - INFO - Kedro project acq
2022-12-28 11:02:07,298 - kedro.framework.session.session - INFO - Kedro project acq
2022-12-28 11:02:09,568 - kedro.io.data_catalog - INFO - Loading data from 'dataset' (CSVDataSet)...
2022-12-28 11:02:44,437 - kedro.pipeline.node - INFO - Running node: drop_dataset_node: drop_column([dataset]) -> [dropped_dataset]
2022-12-28 11:02:46,507 - kedro.io.data_catalog - INFO - Saving data to 'dropped_dataset' (CSVDataSet)...
2022-12-28 11:04:17,270 - kedro.runner.sequential_runner - INFO - Completed 1 out of 13 tasks
2022-12-28 11:04:17,283 - kedro.io.data_catalog - INFO - Loading data from 'dataset_gojek' (CSVDataSet)...
2022-12-28 11:04:57,230 - kedro.runner.sequential_runner - WARNING - There are 12 nodes that have not run.
You can resume the pipeline run from the nearest nodes with persisted inputs by adding the following argument to your previous command:
  --from-nodes "mrmr_selection_node,drop_dataset_node_grab,drop_dataset_node_gojek"
2022-12-28 11:11:27,655 - kedro.framework.session.session - INFO - Kedro project acq
2022-12-28 11:11:29,439 - kedro.io.data_catalog - INFO - Loading data from 'dataset' (CSVDataSet)...
2022-12-28 11:11:42,416 - kedro.pipeline.node - INFO - Running node: drop_dataset_node: drop_column([dataset]) -> [dropped_dataset]
2022-12-28 11:11:44,050 - kedro.io.data_catalog - INFO - Saving data to 'dropped_dataset' (CSVDataSet)...
2022-12-28 11:12:54,271 - kedro.runner.sequential_runner - INFO - Completed 1 out of 13 tasks
2022-12-28 11:12:54,294 - kedro.io.data_catalog - INFO - Loading data from 'dataset_gojek' (CSVDataSet)...
2022-12-28 11:13:25,143 - kedro.runner.sequential_runner - WARNING - There are 12 nodes that have not run.
You can resume the pipeline run from the nearest nodes with persisted inputs by adding the following argument to your previous command:
  --from-nodes "drop_dataset_node_gojek,mrmr_selection_node,drop_dataset_node_grab"
2022-12-28 11:17:50,537 - kedro.framework.session.session - INFO - Kedro project acq
2022-12-28 11:17:52,015 - kedro.io.data_catalog - INFO - Loading data from 'dataset' (CSVDataSet)...
2022-12-28 11:18:04,196 - kedro.pipeline.node - INFO - Running node: drop_dataset_node: drop_column([dataset]) -> [dropped_dataset]
2022-12-28 11:18:05,176 - kedro.io.data_catalog - INFO - Saving data to 'dropped_dataset' (CSVDataSet)...
2022-12-28 11:19:13,468 - kedro.runner.sequential_runner - INFO - Completed 1 out of 13 tasks
2022-12-28 11:19:13,482 - kedro.io.data_catalog - INFO - Loading data from 'dataset_gojek' (CSVDataSet)...
2022-12-28 11:19:52,681 - kedro.pipeline.node - INFO - Running node: drop_dataset_node_gojek: drop_column([dataset_gojek]) -> [dropped_dataset_gojek]
2022-12-28 11:20:01,701 - kedro.io.data_catalog - INFO - Saving data to 'dropped_dataset_gojek' (CSVDataSet)...
2022-12-28 11:22:39,906 - kedro.runner.sequential_runner - INFO - Completed 2 out of 13 tasks
2022-12-28 11:22:39,943 - kedro.io.data_catalog - INFO - Loading data from 'dataset_grab' (CSVDataSet)...
2022-12-28 11:23:19,924 - kedro.pipeline.node - INFO - Running node: drop_dataset_node_grab: drop_column([dataset_grab]) -> [dropped_dataset_grab]
2022-12-28 11:23:27,212 - kedro.io.data_catalog - INFO - Saving data to 'dropped_dataset_grab' (CSVDataSet)...
2022-12-28 11:26:15,403 - kedro.runner.sequential_runner - INFO - Completed 3 out of 13 tasks
2022-12-28 11:26:15,442 - kedro.io.data_catalog - INFO - Loading data from 'dropped_dataset' (CSVDataSet)...
2022-12-28 11:26:32,935 - kedro.pipeline.node - INFO - Running node: mrmr_selection_node: mrmr_selection([dropped_dataset]) -> [preprocessed_dataset]
2022-12-28 11:28:16,191 - kedro.io.data_catalog - INFO - Saving data to 'preprocessed_dataset' (CSVDataSet)...
2022-12-28 11:28:20,127 - kedro.runner.sequential_runner - INFO - Completed 4 out of 13 tasks
2022-12-28 11:28:20,134 - kedro.io.data_catalog - INFO - Loading data from 'dropped_dataset_gojek' (CSVDataSet)...
2022-12-28 11:29:02,810 - kedro.pipeline.node - INFO - Running node: proba_gojek_node: proba([dropped_dataset_gojek]) -> [proba_gojek]
2022-12-28 11:54:23,547 - kedro.io.data_catalog - INFO - Saving data to 'proba_gojek' (CSVDataSet)...
2022-12-28 11:57:10,636 - kedro.runner.sequential_runner - INFO - Completed 5 out of 13 tasks
2022-12-28 11:57:10,690 - kedro.io.data_catalog - INFO - Loading data from 'dropped_dataset_grab' (CSVDataSet)...
2022-12-28 11:57:51,191 - kedro.pipeline.node - INFO - Running node: proba_grab_node: proba([dropped_dataset_grab]) -> [proba_grab]
2022-12-28 12:36:30,703 - kedro.io.data_catalog - INFO - Saving data to 'proba_grab' (CSVDataSet)...
2022-12-28 12:39:11,262 - kedro.runner.sequential_runner - INFO - Completed 6 out of 13 tasks
2022-12-28 12:39:11,320 - kedro.io.data_catalog - INFO - Loading data from 'proba_gojek' (CSVDataSet)...
2022-12-28 12:39:55,441 - kedro.pipeline.node - INFO - Running node: distribution_gojek_node: distribution([proba_gojek]) -> [results_acq_final_gojek,distribution_gojek]
2022-12-28 12:39:56,139 - kedro.io.data_catalog - INFO - Saving data to 'results_acq_final_gojek' (CSVDataSet)...
2022-12-28 12:42:34,633 - kedro.io.data_catalog - INFO - Saving data to 'distribution_gojek' (CSVDataSet)...
2022-12-28 12:42:34,839 - kedro.runner.sequential_runner - INFO - Completed 7 out of 13 tasks
2022-12-28 12:42:34,856 - kedro.io.data_catalog - INFO - Loading data from 'proba_grab' (CSVDataSet)...
2022-12-28 12:43:13,672 - kedro.pipeline.node - INFO - Running node: distribution_grab_node: distribution([proba_grab]) -> [results_acq_final_grab,distribution_grab]
2022-12-28 12:43:14,194 - kedro.io.data_catalog - INFO - Saving data to 'results_acq_final_grab' (CSVDataSet)...
2022-12-28 12:45:55,318 - kedro.io.data_catalog - INFO - Saving data to 'distribution_grab' (CSVDataSet)...
2022-12-28 12:45:55,574 - kedro.runner.sequential_runner - INFO - Completed 8 out of 13 tasks
2022-12-28 12:45:55,581 - kedro.io.data_catalog - INFO - Loading data from 'preprocessed_dataset' (CSVDataSet)...
2022-12-28 12:45:56,574 - kedro.pipeline.node - INFO - Running node: split_dataset_node: split_data([preprocessed_dataset]) -> [data_train,data_test,label_train,label_test]
2022-12-28 12:45:57,221 - kedro.io.data_catalog - INFO - Saving data to 'data_train' (CSVDataSet)...
2022-12-28 12:46:00,776 - kedro.io.data_catalog - INFO - Saving data to 'data_test' (CSVDataSet)...
2022-12-28 12:46:01,682 - kedro.io.data_catalog - INFO - Saving data to 'label_train' (CSVDataSet)...
2022-12-28 12:46:02,717 - kedro.io.data_catalog - INFO - Saving data to 'label_test' (CSVDataSet)...
2022-12-28 12:46:02,977 - kedro.runner.sequential_runner - INFO - Completed 9 out of 13 tasks
2022-12-28 12:46:02,992 - kedro.io.data_catalog - INFO - Loading data from 'data_train' (CSVDataSet)...
2022-12-28 12:46:03,633 - kedro.io.data_catalog - INFO - Loading data from 'data_test' (CSVDataSet)...
2022-12-28 12:46:03,817 - kedro.io.data_catalog - INFO - Loading data from 'label_train' (CSVDataSet)...
2022-12-28 12:46:03,918 - kedro.io.data_catalog - INFO - Loading data from 'label_test' (CSVDataSet)...
2022-12-28 12:46:03,961 - kedro.pipeline.node - INFO - Running node: model_acq_node: model_acq([data_train,data_test,label_train,label_test]) -> [training_results_acqu,testing_results_acqu]
2022-12-28 12:46:04,132 - kedro.pipeline.node - ERROR - Node 'model_acq_node: model_acq([data_train,data_test,label_train,label_test]) -> [training_results_acqu,testing_results_acqu]' failed with error: 
Invalid classes inferred from unique values of `y`.  Expected: [    0     1     2 ... 71782 71783 71784], got [-1.00000000e+00  0.00000000e+00  1.00000000e+00 ...  2.86854800e+09
  3.43558898e+09             nan]
2022-12-28 12:46:04,159 - kedro.runner.sequential_runner - WARNING - There are 4 nodes that have not run.
You can resume the pipeline run from the nearest nodes with persisted inputs by adding the following argument to your previous command:
  --from-nodes "model_acq_node"
2022-12-28 12:49:25,970 - kedro.framework.session.session - INFO - Kedro project acq
2022-12-28 12:52:22,815 - kedro.framework.session.session - INFO - Kedro project acq
2022-12-28 12:52:24,402 - kedro.io.data_catalog - INFO - Loading data from 'data_train' (CSVDataSet)...
2022-12-28 12:52:24,935 - kedro.io.data_catalog - INFO - Loading data from 'data_test' (CSVDataSet)...
2022-12-28 12:52:25,100 - kedro.io.data_catalog - INFO - Loading data from 'label_train' (CSVDataSet)...
2022-12-28 12:52:25,190 - kedro.io.data_catalog - INFO - Loading data from 'label_test' (CSVDataSet)...
2022-12-28 12:52:25,214 - kedro.pipeline.node - INFO - Running node: model_acq_node: model_acq([data_train,data_test,label_train,label_test]) -> [training_results_acqu,testing_results_acqu]
2022-12-28 12:52:25,350 - kedro.pipeline.node - ERROR - Node 'model_acq_node: model_acq([data_train,data_test,label_train,label_test]) -> [training_results_acqu,testing_results_acqu]' failed with error: 
Invalid classes inferred from unique values of `y`.  Expected: [    0     1     2 ... 71782 71783 71784], got [-1.00000000e+00  0.00000000e+00  1.00000000e+00 ...  2.86854800e+09
  3.43558898e+09             nan]
2022-12-28 12:52:25,366 - kedro.runner.sequential_runner - WARNING - No nodes ran. Repeat the previous command to attempt a new run.
2022-12-28 12:55:40,046 - kedro.framework.session.session - INFO - Kedro project acq
2022-12-28 13:02:16,965 - kedro.framework.session.session - INFO - Kedro project acq
2022-12-28 13:03:00,241 - kedro.framework.session.session - INFO - Kedro project acq
2022-12-28 13:03:01,720 - kedro.io.data_catalog - INFO - Loading data from 'data_train' (CSVDataSet)...
2022-12-28 13:03:02,237 - kedro.io.data_catalog - INFO - Loading data from 'data_test' (CSVDataSet)...
2022-12-28 13:03:02,401 - kedro.io.data_catalog - INFO - Loading data from 'label_train' (CSVDataSet)...
2022-12-28 13:03:02,493 - kedro.io.data_catalog - INFO - Loading data from 'label_test' (CSVDataSet)...
2022-12-28 13:03:02,520 - kedro.pipeline.node - INFO - Running node: model_acq_node: model_acq([data_train,data_test,label_train,label_test]) -> [training_results_acqu,testing_results_acqu]
2022-12-28 13:03:02,636 - kedro.pipeline.node - ERROR - Node 'model_acq_node: model_acq([data_train,data_test,label_train,label_test]) -> [training_results_acqu,testing_results_acqu]' failed with error: 
Invalid classes inferred from unique values of `y`.  Expected: [    0     1     2 ... 71782 71783 71784], got [-1.00000000e+00  0.00000000e+00  1.00000000e+00 ...  2.86854800e+09
  3.43558898e+09             nan]
2022-12-28 13:03:02,659 - kedro.runner.sequential_runner - WARNING - No nodes ran. Repeat the previous command to attempt a new run.
2022-12-28 13:07:44,660 - kedro.framework.session.session - INFO - Kedro project acq
2022-12-28 13:07:46,109 - kedro.io.data_catalog - INFO - Loading data from 'data_train' (CSVDataSet)...
2022-12-28 13:07:46,605 - kedro.io.data_catalog - INFO - Loading data from 'data_test' (CSVDataSet)...
2022-12-28 13:07:46,764 - kedro.io.data_catalog - INFO - Loading data from 'label_train' (CSVDataSet)...
2022-12-28 13:07:46,840 - kedro.io.data_catalog - INFO - Loading data from 'label_test' (CSVDataSet)...
2022-12-28 13:07:46,864 - kedro.pipeline.node - INFO - Running node: model_acq_node: model_acq([data_train,data_test,label_train,label_test]) -> [training_results_acqu,testing_results_acqu]
2022-12-28 13:07:46,982 - kedro.pipeline.node - ERROR - Node 'model_acq_node: model_acq([data_train,data_test,label_train,label_test]) -> [training_results_acqu,testing_results_acqu]' failed with error: 
Invalid classes inferred from unique values of `y`.  Expected: [    0     1     2 ... 71782 71783 71784], got [-1.00000000e+00  0.00000000e+00  1.00000000e+00 ...  2.86854800e+09
  3.43558898e+09             nan]
2022-12-28 13:07:47,006 - kedro.runner.sequential_runner - WARNING - No nodes ran. Repeat the previous command to attempt a new run.
2022-12-28 13:14:49,180 - kedro.framework.session.session - INFO - Kedro project acq
2022-12-28 13:24:58,184 - kedro.framework.session.session - INFO - Kedro project acq
2022-12-28 13:24:59,535 - kedro.io.data_catalog - INFO - Loading data from 'data_train' (CSVDataSet)...
2022-12-28 13:25:00,082 - kedro.io.data_catalog - INFO - Loading data from 'data_test' (CSVDataSet)...
2022-12-28 13:25:00,233 - kedro.io.data_catalog - INFO - Loading data from 'label_train' (CSVDataSet)...
2022-12-28 13:25:00,315 - kedro.io.data_catalog - INFO - Loading data from 'label_test' (CSVDataSet)...
2022-12-28 13:25:00,343 - kedro.pipeline.node - INFO - Running node: model_acq_node: model_acq([data_train,data_test,label_train,label_test]) -> [training_results_acqu,testing_results_acqu]
2022-12-28 13:25:00,468 - kedro.pipeline.node - ERROR - Node 'model_acq_node: model_acq([data_train,data_test,label_train,label_test]) -> [training_results_acqu,testing_results_acqu]' failed with error: 
y should be a 1d array, got an array of shape (179726, 12) instead.
2022-12-28 13:25:00,487 - kedro.runner.sequential_runner - WARNING - No nodes ran. Repeat the previous command to attempt a new run.
2022-12-28 13:25:45,088 - kedro.framework.session.session - INFO - Kedro project acq
2022-12-28 13:25:46,095 - kedro.io.data_catalog - INFO - Loading data from 'data_train' (CSVDataSet)...
2022-12-28 13:25:46,604 - kedro.io.data_catalog - INFO - Loading data from 'data_test' (CSVDataSet)...
2022-12-28 13:25:46,743 - kedro.io.data_catalog - INFO - Loading data from 'label_train' (CSVDataSet)...
2022-12-28 13:25:46,825 - kedro.io.data_catalog - INFO - Loading data from 'label_test' (CSVDataSet)...
2022-12-28 13:25:46,850 - kedro.pipeline.node - INFO - Running node: model_acq_node: model_acq([data_train,data_test,label_train,label_test]) -> [training_results_acqu,testing_results_acqu]
2022-12-28 13:25:46,978 - kedro.pipeline.node - ERROR - Node 'model_acq_node: model_acq([data_train,data_test,label_train,label_test]) -> [training_results_acqu,testing_results_acqu]' failed with error: 
y should be a 1d array, got an array of shape (179726, 12) instead.
2022-12-28 13:25:46,996 - kedro.runner.sequential_runner - WARNING - No nodes ran. Repeat the previous command to attempt a new run.
2022-12-28 13:26:08,064 - kedro.framework.session.session - INFO - Kedro project acq
2022-12-28 13:26:09,115 - kedro.io.data_catalog - INFO - Loading data from 'data_train' (CSVDataSet)...
2022-12-28 13:26:09,632 - kedro.io.data_catalog - INFO - Loading data from 'data_test' (CSVDataSet)...
2022-12-28 13:26:09,790 - kedro.io.data_catalog - INFO - Loading data from 'label_train' (CSVDataSet)...
2022-12-28 13:26:09,861 - kedro.io.data_catalog - INFO - Loading data from 'label_test' (CSVDataSet)...
2022-12-28 13:26:09,887 - kedro.pipeline.node - INFO - Running node: model_acq_node: model_acq([data_train,data_test,label_train,label_test]) -> [training_results_acqu,testing_results_acqu]
2022-12-28 13:26:10,007 - kedro.pipeline.node - ERROR - Node 'model_acq_node: model_acq([data_train,data_test,label_train,label_test]) -> [training_results_acqu,testing_results_acqu]' failed with error: 
y should be a 1d array, got an array of shape (179726, 12) instead.
2022-12-28 13:26:10,034 - kedro.runner.sequential_runner - WARNING - No nodes ran. Repeat the previous command to attempt a new run.
2022-12-28 13:26:26,618 - kedro.framework.session.session - INFO - Kedro project acq
2022-12-28 13:26:27,574 - kedro.io.data_catalog - INFO - Loading data from 'data_train' (CSVDataSet)...
2022-12-28 13:26:28,074 - kedro.io.data_catalog - INFO - Loading data from 'data_test' (CSVDataSet)...
2022-12-28 13:26:28,222 - kedro.io.data_catalog - INFO - Loading data from 'label_train' (CSVDataSet)...
2022-12-28 13:26:28,294 - kedro.io.data_catalog - INFO - Loading data from 'label_test' (CSVDataSet)...
2022-12-28 13:26:28,321 - kedro.pipeline.node - INFO - Running node: model_acq_node: model_acq([data_train,data_test,label_train,label_test]) -> [training_results_acqu,testing_results_acqu]
2022-12-28 13:26:28,454 - kedro.pipeline.node - ERROR - Node 'model_acq_node: model_acq([data_train,data_test,label_train,label_test]) -> [training_results_acqu,testing_results_acqu]' failed with error: 
y should be a 1d array, got an array of shape (179726, 12) instead.
2022-12-28 13:26:28,462 - kedro.runner.sequential_runner - WARNING - No nodes ran. Repeat the previous command to attempt a new run.
2022-12-28 13:29:13,570 - kedro.framework.session.session - INFO - Kedro project acq
2022-12-28 13:29:14,573 - kedro.io.data_catalog - INFO - Loading data from 'data_train' (CSVDataSet)...
2022-12-28 13:29:15,112 - kedro.io.data_catalog - INFO - Loading data from 'data_test' (CSVDataSet)...
2022-12-28 13:29:15,267 - kedro.io.data_catalog - INFO - Loading data from 'label_train' (CSVDataSet)...
2022-12-28 13:29:15,339 - kedro.io.data_catalog - INFO - Loading data from 'label_test' (CSVDataSet)...
2022-12-28 13:29:15,365 - kedro.pipeline.node - INFO - Running node: model_acq_node: model_acq([data_train,data_test,label_train,label_test]) -> [training_results_acqu,testing_results_acqu]
2022-12-28 13:29:15,485 - kedro.pipeline.node - ERROR - Node 'model_acq_node: model_acq([data_train,data_test,label_train,label_test]) -> [training_results_acqu,testing_results_acqu]' failed with error: 
y should be a 1d array, got an array of shape (179726, 12) instead.
2022-12-28 13:29:15,510 - kedro.runner.sequential_runner - WARNING - No nodes ran. Repeat the previous command to attempt a new run.
2022-12-28 13:29:56,815 - kedro.framework.session.session - INFO - Kedro project acq
2022-12-28 13:29:57,805 - kedro.io.data_catalog - INFO - Loading data from 'data_train' (CSVDataSet)...
2022-12-28 13:29:58,296 - kedro.io.data_catalog - INFO - Loading data from 'data_test' (CSVDataSet)...
2022-12-28 13:29:58,446 - kedro.io.data_catalog - INFO - Loading data from 'label_train' (CSVDataSet)...
2022-12-28 13:29:58,528 - kedro.io.data_catalog - INFO - Loading data from 'label_test' (CSVDataSet)...
2022-12-28 13:29:58,553 - kedro.pipeline.node - INFO - Running node: model_acq_node: model_acq([data_train,data_test,label_train,label_test]) -> [training_results_acqu,testing_results_acqu]
2022-12-28 13:29:58,679 - kedro.pipeline.node - ERROR - Node 'model_acq_node: model_acq([data_train,data_test,label_train,label_test]) -> [training_results_acqu,testing_results_acqu]' failed with error: 
y should be a 1d array, got an array of shape (179726, 12) instead.
2022-12-28 13:29:58,696 - kedro.runner.sequential_runner - WARNING - No nodes ran. Repeat the previous command to attempt a new run.
2022-12-28 13:35:04,178 - kedro.framework.session.session - INFO - Kedro project acq
2022-12-28 13:35:05,232 - kedro.io.data_catalog - INFO - Loading data from 'data_train' (CSVDataSet)...
2022-12-28 13:35:05,732 - kedro.io.data_catalog - INFO - Loading data from 'data_test' (CSVDataSet)...
2022-12-28 13:35:05,873 - kedro.io.data_catalog - INFO - Loading data from 'label_train' (CSVDataSet)...
2022-12-28 13:35:05,960 - kedro.io.data_catalog - INFO - Loading data from 'label_test' (CSVDataSet)...
2022-12-28 13:35:05,986 - kedro.pipeline.node - INFO - Running node: model_acq_node: model_acq([data_train,data_test,label_train,label_test]) -> [training_results_acqu,testing_results_acqu]
2022-12-28 13:35:06,232 - kedro.pipeline.node - ERROR - Node 'model_acq_node: model_acq([data_train,data_test,label_train,label_test]) -> [training_results_acqu,testing_results_acqu]' failed with error: 
need to call fit or load_model beforehand
2022-12-28 13:35:06,252 - kedro.runner.sequential_runner - WARNING - No nodes ran. Repeat the previous command to attempt a new run.
2022-12-28 13:36:18,423 - kedro.framework.session.session - INFO - Kedro project acq
2022-12-28 13:36:19,501 - kedro.io.data_catalog - INFO - Loading data from 'data_train' (CSVDataSet)...
2022-12-28 13:36:19,999 - kedro.io.data_catalog - INFO - Loading data from 'data_test' (CSVDataSet)...
2022-12-28 13:36:20,146 - kedro.io.data_catalog - INFO - Loading data from 'label_train' (CSVDataSet)...
2022-12-28 13:36:20,226 - kedro.io.data_catalog - INFO - Loading data from 'label_test' (CSVDataSet)...
2022-12-28 13:36:20,252 - kedro.pipeline.node - INFO - Running node: model_acq_node: model_acq([data_train,data_test,label_train,label_test]) -> [training_results_acqu,testing_results_acqu]
2022-12-28 13:36:20,381 - kedro.pipeline.node - ERROR - Node 'model_acq_node: model_acq([data_train,data_test,label_train,label_test]) -> [training_results_acqu,testing_results_acqu]' failed with error: 
y should be a 1d array, got an array of shape (179726, 12) instead.
2022-12-28 13:36:20,396 - kedro.runner.sequential_runner - WARNING - No nodes ran. Repeat the previous command to attempt a new run.
2022-12-28 13:36:45,272 - kedro.framework.session.session - INFO - Kedro project acq
2022-12-28 13:36:46,292 - kedro.io.data_catalog - INFO - Loading data from 'data_train' (CSVDataSet)...
2022-12-28 13:36:46,794 - kedro.io.data_catalog - INFO - Loading data from 'data_test' (CSVDataSet)...
2022-12-28 13:36:46,942 - kedro.io.data_catalog - INFO - Loading data from 'label_train' (CSVDataSet)...
2022-12-28 13:36:47,017 - kedro.io.data_catalog - INFO - Loading data from 'label_test' (CSVDataSet)...
2022-12-28 13:36:47,044 - kedro.pipeline.node - INFO - Running node: model_acq_node: model_acq([data_train,data_test,label_train,label_test]) -> [training_results_acqu,testing_results_acqu]
2022-12-28 13:36:47,078 - kedro.pipeline.node - ERROR - Node 'model_acq_node: model_acq([data_train,data_test,label_train,label_test]) -> [training_results_acqu,testing_results_acqu]' failed with error: 
fit() missing 1 required positional argument: 'y'
2022-12-28 13:36:47,088 - kedro.runner.sequential_runner - WARNING - No nodes ran. Repeat the previous command to attempt a new run.
2022-12-28 13:37:35,644 - kedro.framework.session.session - INFO - Kedro project acq
2022-12-28 13:37:36,636 - kedro.io.data_catalog - INFO - Loading data from 'data_train' (CSVDataSet)...
2022-12-28 13:37:37,118 - kedro.io.data_catalog - INFO - Loading data from 'data_test' (CSVDataSet)...
2022-12-28 13:37:37,271 - kedro.io.data_catalog - INFO - Loading data from 'label_train' (CSVDataSet)...
2022-12-28 13:37:37,349 - kedro.io.data_catalog - INFO - Loading data from 'label_test' (CSVDataSet)...
2022-12-28 13:37:37,376 - kedro.pipeline.node - INFO - Running node: model_acq_node: model_acq([data_train,data_test,label_train,label_test]) -> [training_results_acqu,testing_results_acqu]
2022-12-28 13:37:37,503 - kedro.pipeline.node - ERROR - Node 'model_acq_node: model_acq([data_train,data_test,label_train,label_test]) -> [training_results_acqu,testing_results_acqu]' failed with error: 
y should be a 1d array, got an array of shape (179726, 12) instead.
2022-12-28 13:37:37,521 - kedro.runner.sequential_runner - WARNING - No nodes ran. Repeat the previous command to attempt a new run.
2022-12-28 13:38:56,226 - kedro.framework.session.session - INFO - Kedro project acq
2022-12-28 13:38:57,216 - kedro.io.data_catalog - INFO - Loading data from 'data_train' (CSVDataSet)...
2022-12-28 13:38:57,723 - kedro.io.data_catalog - INFO - Loading data from 'data_test' (CSVDataSet)...
2022-12-28 13:38:57,875 - kedro.io.data_catalog - INFO - Loading data from 'label_train' (CSVDataSet)...
2022-12-28 13:38:57,952 - kedro.io.data_catalog - INFO - Loading data from 'label_test' (CSVDataSet)...
2022-12-28 13:38:57,978 - kedro.pipeline.node - INFO - Running node: model_acq_node: model_acq([data_train,data_test,label_train,label_test]) -> [training_results_acqu,testing_results_acqu]
2022-12-28 13:39:48,551 - kedro.io.data_catalog - INFO - Saving data to 'training_results_acqu' (CSVDataSet)...
2022-12-28 13:39:51,886 - kedro.io.data_catalog - INFO - Saving data to 'testing_results_acqu' (CSVDataSet)...
2022-12-28 13:39:52,921 - kedro.runner.sequential_runner - INFO - Completed 1 out of 4 tasks
2022-12-28 13:39:52,924 - kedro.io.data_catalog - INFO - Loading data from 'testing_results_acqu' (CSVDataSet)...
2022-12-28 13:39:53,118 - kedro.pipeline.node - INFO - Running node: distribution_testing_node: distribution([testing_results_acqu]) -> [testing_results_acq_final,distribution_testing]
2022-12-28 13:39:53,199 - kedro.io.data_catalog - INFO - Saving data to 'testing_results_acq_final' (CSVDataSet)...
2022-12-28 13:39:54,096 - kedro.io.data_catalog - INFO - Saving data to 'distribution_testing' (CSVDataSet)...
2022-12-28 13:39:54,106 - kedro.runner.sequential_runner - INFO - Completed 2 out of 4 tasks
2022-12-28 13:39:54,112 - kedro.io.data_catalog - INFO - Loading data from 'training_results_acqu' (CSVDataSet)...
2022-12-28 13:39:54,804 - kedro.pipeline.node - INFO - Running node: distribution_training_node: distribution([training_results_acqu]) -> [training_results_acq_final,distribution_training]
2022-12-28 13:39:54,951 - kedro.io.data_catalog - INFO - Saving data to 'training_results_acq_final' (CSVDataSet)...
2022-12-28 13:39:58,664 - kedro.io.data_catalog - INFO - Saving data to 'distribution_training' (CSVDataSet)...
2022-12-28 13:39:58,686 - kedro.runner.sequential_runner - INFO - Completed 3 out of 4 tasks
2022-12-28 13:39:58,689 - kedro.io.data_catalog - INFO - Loading data from 'training_results_acqu' (CSVDataSet)...
2022-12-28 13:39:59,349 - kedro.io.data_catalog - INFO - Loading data from 'testing_results_acqu' (CSVDataSet)...
2022-12-28 13:39:59,547 - kedro.pipeline.node - INFO - Running node: metrics_eval_node: score([training_results_acqu,testing_results_acqu]) -> [metrics_evaluation]
2022-12-28 13:40:10,273 - kedro.io.data_catalog - INFO - Saving data to 'metrics_evaluation' (TextDataSet)...
2022-12-28 13:40:10,293 - kedro.runner.sequential_runner - INFO - Completed 4 out of 4 tasks
2022-12-28 13:40:10,299 - kedro.runner.sequential_runner - INFO - Pipeline execution completed successfully.
